<?xml version="1.0" encoding="UTF-8"?>
<testng-results skipped="0" failed="0" ignored="0" total="1" passed="1">
  <reporter-output>
  </reporter-output>
  <suite name="Suite" duration-ms="118539" started-at="2020-01-21T23:15:36 IST" finished-at="2020-01-21T23:17:35 IST">
    <groups>
    </groups>
    <test name="Test" duration-ms="118539" started-at="2020-01-21T23:15:36 IST" finished-at="2020-01-21T23:17:35 IST">
      <class name="com.inetBank.TestCases.CreateCustomer">
        <test-method status="PASS" signature="OpenBrowser()[pri:0, instance:com.inetBank.TestCases.CreateCustomer@4bec1f0c]" name="OpenBrowser" is-config="true" duration-ms="71355" started-at="2020-01-21T23:15:38 IST" finished-at="2020-01-21T23:16:49 IST">
          <reporter-output>
          </reporter-output>
        </test-method> <!-- OpenBrowser -->
        <test-method status="PASS" signature="login()[pri:0, instance:com.inetBank.TestCases.CreateCustomer@4bec1f0c]" name="login" is-config="true" duration-ms="5285" started-at="2020-01-21T23:16:50 IST" finished-at="2020-01-21T23:16:55 IST">
          <reporter-output>
          </reporter-output>
        </test-method> <!-- login -->
        <test-method status="PASS" signature="testCreateCustomer()[pri:0, instance:com.inetBank.TestCases.CreateCustomer@4bec1f0c]" name="testCreateCustomer" duration-ms="38794" started-at="2020-01-21T23:16:55 IST" finished-at="2020-01-21T23:17:34 IST">
          <reporter-output>
          </reporter-output>
        </test-method> <!-- testCreateCustomer -->
        <test-method status="PASS" signature="logout()[pri:0, instance:com.inetBank.TestCases.CreateCustomer@4bec1f0c]" name="logout" is-config="true" duration-ms="406" started-at="2020-01-21T23:17:34 IST" finished-at="2020-01-21T23:17:35 IST">
          <reporter-output>
          </reporter-output>
        </test-method> <!-- logout -->
        <test-method status="PASS" signature="closeBrowser()[pri:0, instance:com.inetBank.TestCases.CreateCustomer@4bec1f0c]" name="closeBrowser" is-config="true" duration-ms="133" started-at="2020-01-21T23:17:35 IST" finished-at="2020-01-21T23:17:35 IST">
          <reporter-output>
          </reporter-output>
        </test-method> <!-- closeBrowser -->
      </class> <!-- com.inetBank.TestCases.CreateCustomer -->
    </test> <!-- Test -->
  </suite> <!-- Suite -->
</testng-results>
